<?xml version="1.0" encoding="UTF-8"?>
<!-- Generated by org.testng.reporters.JUnitReportReporter -->
<testsuite skipped="0" hostname="Admin-PC" name="Login_Tests.Login_Tests_1" tests="6" failures="0" timestamp="2022-09-29T17:39:23 IST" time="10.659" errors="0">
  <testcase name="registerAlert_2" time="6.527" classname="Login_Tests.Login_Tests_1"/>
  <system-out/>
  <testcase name="registerLinkTest_1" time="0.219" classname="Login_Tests.Login_Tests_1"/>
  <system-out/>
  <testcase name="registerBlankPass_3" time="0.258" classname="Login_Tests.Login_Tests_1"/>
  <system-out/>
  <testcase name="registerLink2_6" time="3.287" classname="Login_Tests.Login_Tests_1"/>
  <system-out/>
  <testcase name="registerValidEmail_5" time="0.186" classname="Login_Tests.Login_Tests_1"/>
  <system-out/>
  <testcase name="registerBlankEmail_4" time="0.182" classname="Login_Tests.Login_Tests_1"/>
  <system-out/>
</testsuite> <!-- Login_Tests.Login_Tests_1 -->
