<?xml version="1.0" encoding="UTF-8"?>
<!-- Generated by org.testng.reporters.JUnitReportReporter -->
<testsuite skipped="0" hostname="Admin-PC" name="Tests.Operators_Page_Test_4" tests="6" failures="0" timestamp="2022-10-03T14:52:27 IST" time="1.417" errors="0">
  <testcase name="wayToConnect_1" time="0.356" classname="Tests.Operators_Page_Test_4"/>
  <system-out/>
  <testcase name="wayToConnect_2" time="0.136" classname="Tests.Operators_Page_Test_4"/>
  <system-out/>
  <testcase name="wayToConnect_3" time="0.308" classname="Tests.Operators_Page_Test_4"/>
  <system-out/>
  <testcase name="operator_5" time="0.214" classname="Tests.Operators_Page_Test_4"/>
  <system-out/>
  <testcase name="Operator_4" time="0.251" classname="Tests.Operators_Page_Test_4"/>
  <system-out/>
  <testcase name="operator_6" time="0.152" classname="Tests.Operators_Page_Test_4"/>
  <system-out/>
</testsuite> <!-- Tests.Operators_Page_Test_4 -->
