<?xml version="1.0" encoding="UTF-8"?>
<!-- Generated by org.testng.reporters.JUnitReportReporter -->
<testsuite skipped="0" hostname="Admin-PC" name="Tests.Demo" tests="1" failures="0" timestamp="2022-10-19T16:53:30 IST" time="24.171" errors="0">
  <testcase name="demo" time="24.171" classname="Tests.Demo"/>
  <system-out/>
</testsuite> <!-- Tests.Demo -->
