<?xml version="1.0" encoding="UTF-8"?>
<!-- Generated by org.testng.reporters.JUnitReportReporter -->
<testsuite skipped="0" hostname="Admin-PC" name="Tests.Useful_Links_5" tests="6" failures="0" timestamp="2022-10-04T12:31:09 IST" time="99.469" errors="0">
  <testcase name="useful_Links_1" time="12.301" classname="Tests.Useful_Links_5"/>
  <system-out/>
  <testcase name="useful_Links_2" time="14.853" classname="Tests.Useful_Links_5"/>
  <system-out/>
  <testcase name="useful_Links_4" time="14.288" classname="Tests.Useful_Links_5"/>
  <system-out/>
  <testcase name="useful_Links_6" time="22.619" classname="Tests.Useful_Links_5"/>
  <system-out/>
  <testcase name="useful_Links_3" time="16.709" classname="Tests.Useful_Links_5"/>
  <system-out/>
  <testcase name="useful_Links_5" time="18.699" classname="Tests.Useful_Links_5"/>
  <system-out/>
</testsuite> <!-- Tests.Useful_Links_5 -->
