<?xml version="1.0" encoding="UTF-8"?>
<!-- Generated by org.testng.reporters.JUnitReportReporter -->
<testsuite skipped="0" hostname="Admin-PC" name="Login_Tests.Dashboard_Test" tests="5" failures="0" timestamp="2022-09-30T17:37:36 IST" time="0.391" errors="0">
  <testcase name="dashboard_Php_5" time="0.075" classname="Login_Tests.Dashboard_Test"/>
  <system-out/>
  <testcase name="dashboard_Python_4" time="0.065" classname="Login_Tests.Dashboard_Test"/>
  <system-out/>
  <testcase name="dashboard_Selenium_2" time="0.063" classname="Login_Tests.Dashboard_Test"/>
  <system-out/>
  <testcase name="dashboard_Courses_1" time="0.109" classname="Login_Tests.Dashboard_Test"/>
  <system-out/>
  <testcase name="dashboard_Java_3" time="0.079" classname="Login_Tests.Dashboard_Test"/>
  <system-out/>
</testsuite> <!-- Login_Tests.Dashboard_Test -->
